/home/phanim/harshitrawat/miniconda3/envs/mace_0.3.8/lib/python3.10/site-packages/e3nn/o3/_wigner.py:10: FutureWarning: You are using `torch.load` with `weights_only=False` (the current default value), which uses the default pickle module implicitly. It is possible to construct malicious pickle data which will execute arbitrary code during unpickling (See https://github.com/pytorch/pytorch/blob/main/SECURITY.md#untrusted-models for more details). In a future release, the default value for `weights_only` will be flipped to `True`. This limits the functions that could be executed during unpickling. Arbitrary objects will no longer be allowed to be loaded via this mode unless they are explicitly allowlisted by the user via `torch.serialization.add_safe_globals`. We recommend you start setting `weights_only=True` for any use case where you don't have full control of the loaded file. Please open an issue on GitHub for any issues related to this experimental feature.
  _Jd, _W3j_flat, _W3j_indices = torch.load(os.path.join(os.path.dirname(__file__), 'constants.pt'))
Traceback (most recent call last):
  File "/home/phanim/harshitrawat/miniconda3/envs/mace_0.3.8/lib/python3.10/site-packages/ase/io/extxyz.py", line 426, in _read_xyz_frame
    line = next(lines)
StopIteration

During handling of the above exception, another exception occurred:

Traceback (most recent call last):
  File "/home/phanim/harshitrawat/mace/extract_embeddings.py", line 52, in main
    for i, atoms in enumerate(atoms_generator):
  File "/home/phanim/harshitrawat/miniconda3/envs/mace_0.3.8/lib/python3.10/site-packages/ase/io/formats.py", line 849, in iread
    yield from _iread(filename, index, format, io, parallel=parallel,
  File "/home/phanim/harshitrawat/miniconda3/envs/mace_0.3.8/lib/python3.10/site-packages/ase/parallel.py", line 305, in new_generator
    for result in generator(*args, **kwargs):
  File "/home/phanim/harshitrawat/miniconda3/envs/mace_0.3.8/lib/python3.10/site-packages/ase/io/formats.py", line 881, in _iread
    for dct in io.read(fd, *args, **kwargs):
  File "/home/phanim/harshitrawat/miniconda3/envs/mace_0.3.8/lib/python3.10/site-packages/ase/io/formats.py", line 639, in wrap_read_function
    yield from read(filename, index, **kwargs)
  File "/home/phanim/harshitrawat/miniconda3/envs/mace_0.3.8/lib/python3.10/site-packages/ase/io/extxyz.py", line 734, in read_xyz
    yield _read_xyz_frame(fileobj, natoms, properties_parser, nvec)
  File "/home/phanim/harshitrawat/miniconda3/envs/mace_0.3.8/lib/python3.10/site-packages/ase/io/extxyz.py", line 428, in _read_xyz_frame
    raise XYZError('ase.io.extxyz: Frame has {} atoms, expected {}'
ase.io.extxyz.XYZError: ase.io.extxyz: Frame has 198 atoms, expected 852
Traceback (most recent call last):
  File "/home/phanim/harshitrawat/miniconda3/envs/mace_0.3.8/lib/python3.10/site-packages/ase/io/extxyz.py", line 426, in _read_xyz_frame
    line = next(lines)
StopIteration

During handling of the above exception, another exception occurred:

Traceback (most recent call last):
  File "/home/phanim/harshitrawat/mace/extract_embeddings.py", line 118, in <module>
    main()
  File "/home/phanim/harshitrawat/mace/extract_embeddings.py", line 52, in main
    for i, atoms in enumerate(atoms_generator):
  File "/home/phanim/harshitrawat/miniconda3/envs/mace_0.3.8/lib/python3.10/site-packages/ase/io/formats.py", line 849, in iread
    yield from _iread(filename, index, format, io, parallel=parallel,
  File "/home/phanim/harshitrawat/miniconda3/envs/mace_0.3.8/lib/python3.10/site-packages/ase/parallel.py", line 305, in new_generator
    for result in generator(*args, **kwargs):
  File "/home/phanim/harshitrawat/miniconda3/envs/mace_0.3.8/lib/python3.10/site-packages/ase/io/formats.py", line 881, in _iread
    for dct in io.read(fd, *args, **kwargs):
  File "/home/phanim/harshitrawat/miniconda3/envs/mace_0.3.8/lib/python3.10/site-packages/ase/io/formats.py", line 639, in wrap_read_function
    yield from read(filename, index, **kwargs)
  File "/home/phanim/harshitrawat/miniconda3/envs/mace_0.3.8/lib/python3.10/site-packages/ase/io/extxyz.py", line 734, in read_xyz
    yield _read_xyz_frame(fileobj, natoms, properties_parser, nvec)
  File "/home/phanim/harshitrawat/miniconda3/envs/mace_0.3.8/lib/python3.10/site-packages/ase/io/extxyz.py", line 428, in _read_xyz_frame
    raise XYZError('ase.io.extxyz: Frame has {} atoms, expected {}'
ase.io.extxyz.XYZError: ase.io.extxyz: Frame has 198 atoms, expected 852
