+ mkdir -p logs
+ export PYTHONUNBUFFERED=1
+ PYTHONUNBUFFERED=1
+ source /home/phanim/harshitrawat/miniconda3/etc/profile.d/conda.sh
++ export CONDA_EXE=/home/phanim/harshitrawat/miniconda3/bin/conda
++ CONDA_EXE=/home/phanim/harshitrawat/miniconda3/bin/conda
++ export _CE_M=
++ _CE_M=
++ export _CE_CONDA=
++ _CE_CONDA=
++ export CONDA_PYTHON_EXE=/home/phanim/harshitrawat/miniconda3/bin/python
++ CONDA_PYTHON_EXE=/home/phanim/harshitrawat/miniconda3/bin/python
++ '[' -z x ']'
+ conda activate mace_0.3.8
+ local cmd=activate
+ case "$cmd" in
+ __conda_activate activate mace_0.3.8
+ '[' -n '' ']'
+ local ask_conda
++ PS1=
++ __conda_exe shell.posix activate mace_0.3.8
++ '[' -n '' ']'
++ /home/phanim/harshitrawat/miniconda3/bin/conda shell.posix activate mace_0.3.8
+ ask_conda='unset _CE_M
unset _CE_CONDA
PS1='\''(mace_0.3.8) '\''
export PATH='\''/home/phanim/harshitrawat/miniconda3/envs/mace_0.3.8/bin:/home/phanim/harshitrawat/miniconda3/condabin:/home/phanim/harshitrawat/.vscode-server/cli/servers/Stable-0f0d87fa9e96c856c5212fc86db137ac0d783365/server/bin/remote-cli:/usr/local/sbin:/usr/local/bin:/usr/sbin:/usr/bin:/sbin:/bin:/usr/games:/usr/local/games:/snap/bin'\''
export CONDA_SHLVL='\''2'\''
export CONDA_PROMPT_MODIFIER='\''(mace_0.3.8) '\''
export CONDA_EXE='\''/home/phanim/harshitrawat/miniconda3/bin/conda'\''
export CONDA_PYTHON_EXE='\''/home/phanim/harshitrawat/miniconda3/bin/python'\'''
+ eval 'unset _CE_M
unset _CE_CONDA
PS1='\''(mace_0.3.8) '\''
export PATH='\''/home/phanim/harshitrawat/miniconda3/envs/mace_0.3.8/bin:/home/phanim/harshitrawat/miniconda3/condabin:/home/phanim/harshitrawat/.vscode-server/cli/servers/Stable-0f0d87fa9e96c856c5212fc86db137ac0d783365/server/bin/remote-cli:/usr/local/sbin:/usr/local/bin:/usr/sbin:/usr/bin:/sbin:/bin:/usr/games:/usr/local/games:/snap/bin'\''
export CONDA_SHLVL='\''2'\''
export CONDA_PROMPT_MODIFIER='\''(mace_0.3.8) '\''
export CONDA_EXE='\''/home/phanim/harshitrawat/miniconda3/bin/conda'\''
export CONDA_PYTHON_EXE='\''/home/phanim/harshitrawat/miniconda3/bin/python'\'''
++ unset _CE_M
++ unset _CE_CONDA
++ PS1='(mace_0.3.8) '
++ export PATH=/home/phanim/harshitrawat/miniconda3/envs/mace_0.3.8/bin:/home/phanim/harshitrawat/miniconda3/condabin:/home/phanim/harshitrawat/.vscode-server/cli/servers/Stable-0f0d87fa9e96c856c5212fc86db137ac0d783365/server/bin/remote-cli:/usr/local/sbin:/usr/local/bin:/usr/sbin:/usr/bin:/sbin:/bin:/usr/games:/usr/local/games:/snap/bin
++ PATH=/home/phanim/harshitrawat/miniconda3/envs/mace_0.3.8/bin:/home/phanim/harshitrawat/miniconda3/condabin:/home/phanim/harshitrawat/.vscode-server/cli/servers/Stable-0f0d87fa9e96c856c5212fc86db137ac0d783365/server/bin/remote-cli:/usr/local/sbin:/usr/local/bin:/usr/sbin:/usr/bin:/sbin:/bin:/usr/games:/usr/local/games:/snap/bin
++ export CONDA_SHLVL=2
++ CONDA_SHLVL=2
++ export 'CONDA_PROMPT_MODIFIER=(mace_0.3.8) '
++ CONDA_PROMPT_MODIFIER='(mace_0.3.8) '
++ export CONDA_EXE=/home/phanim/harshitrawat/miniconda3/bin/conda
++ CONDA_EXE=/home/phanim/harshitrawat/miniconda3/bin/conda
++ export CONDA_PYTHON_EXE=/home/phanim/harshitrawat/miniconda3/bin/python
++ CONDA_PYTHON_EXE=/home/phanim/harshitrawat/miniconda3/bin/python
+ __conda_hashr
+ '[' -n '' ']'
+ '[' -n '' ']'
+ hash -r
+ export OMP_NUM_THREADS=8
+ OMP_NUM_THREADS=8
+ export MKL_NUM_THREADS=8
+ MKL_NUM_THREADS=8
+ export PYTORCH_CUDA_ALLOC_CONF=max_split_size_mb:128,garbage_collection_threshold:0.9,expandable_segments:True
+ PYTORCH_CUDA_ALLOC_CONF=max_split_size_mb:128,garbage_collection_threshold:0.9,expandable_segments:True
+ export MASTER_ADDR=127.0.0.1
+ MASTER_ADDR=127.0.0.1
+ export MASTER_PORT=29500
+ MASTER_PORT=29500
+ export NCCL_P2P_DISABLE=1
+ NCCL_P2P_DISABLE=1
+ export NCCL_IB_DISABLE=1
+ NCCL_IB_DISABLE=1
+ export NCCL_SHM_DISABLE=0
+ NCCL_SHM_DISABLE=0
+ echo SLURM_JOB_GPUS=1,2
+ echo CUDA_VISIBLE_DEVICES=0,1
+ python -
Traceback (most recent call last):
  File "/home/phanim/harshitrawat/miniconda3/envs/mace_0.3.8/lib/python3.10/site-packages/torch/cuda/__init__.py", line 332, in _lazy_init
    queued_call()
  File "/home/phanim/harshitrawat/miniconda3/envs/mace_0.3.8/lib/python3.10/site-packages/torch/cuda/__init__.py", line 200, in _check_capability
    capability = get_device_capability(d)
  File "/home/phanim/harshitrawat/miniconda3/envs/mace_0.3.8/lib/python3.10/site-packages/torch/cuda/__init__.py", line 509, in get_device_capability
    prop = get_device_properties(device)
  File "/home/phanim/harshitrawat/miniconda3/envs/mace_0.3.8/lib/python3.10/site-packages/torch/cuda/__init__.py", line 527, in get_device_properties
    return _get_device_properties(device)  # type: ignore[name-defined]
RuntimeError: device >= 0 && device < num_gpus INTERNAL ASSERT FAILED at "../aten/src/ATen/cuda/CUDAContext.cpp":49, please report a bug to PyTorch. device=1, num_gpus=

The above exception was the direct cause of the following exception:

Traceback (most recent call last):
  File "<stdin>", line 5, in <module>
  File "/home/phanim/harshitrawat/miniconda3/envs/mace_0.3.8/lib/python3.10/site-packages/torch/cuda/__init__.py", line 493, in get_device_name
    return get_device_properties(device).name
  File "/home/phanim/harshitrawat/miniconda3/envs/mace_0.3.8/lib/python3.10/site-packages/torch/cuda/__init__.py", line 523, in get_device_properties
    _lazy_init()  # will define _get_device_properties
  File "/home/phanim/harshitrawat/miniconda3/envs/mace_0.3.8/lib/python3.10/site-packages/torch/cuda/__init__.py", line 338, in _lazy_init
    raise DeferredCudaCallError(msg) from e
torch.cuda.DeferredCudaCallError: CUDA call failed lazily at initialization with error: device >= 0 && device < num_gpus INTERNAL ASSERT FAILED at "../aten/src/ATen/cuda/CUDAContext.cpp":49, please report a bug to PyTorch. device=1, num_gpus=

CUDA call was originally invoked at:

  File "<stdin>", line 1, in <module>
  File "<frozen importlib._bootstrap>", line 1027, in _find_and_load
  File "<frozen importlib._bootstrap>", line 1006, in _find_and_load_unlocked
  File "<frozen importlib._bootstrap>", line 688, in _load_unlocked
  File "<frozen importlib._bootstrap_external>", line 883, in exec_module
  File "<frozen importlib._bootstrap>", line 241, in _call_with_frames_removed
  File "/home/phanim/harshitrawat/miniconda3/envs/mace_0.3.8/lib/python3.10/site-packages/torch/__init__.py", line 1954, in <module>
    _C._initExtension(_manager_path())
  File "<frozen importlib._bootstrap>", line 1027, in _find_and_load
  File "<frozen importlib._bootstrap>", line 1006, in _find_and_load_unlocked
  File "<frozen importlib._bootstrap>", line 688, in _load_unlocked
  File "<frozen importlib._bootstrap_external>", line 883, in exec_module
  File "<frozen importlib._bootstrap>", line 241, in _call_with_frames_removed
  File "/home/phanim/harshitrawat/miniconda3/envs/mace_0.3.8/lib/python3.10/site-packages/torch/cuda/__init__.py", line 264, in <module>
    _lazy_call(_check_capability)
  File "/home/phanim/harshitrawat/miniconda3/envs/mace_0.3.8/lib/python3.10/site-packages/torch/cuda/__init__.py", line 261, in _lazy_call
    _queued_calls.append((callable, traceback.format_stack()))

